<?xml version="1.0" encoding="UTF-8"?>
<!-- Generated by org.testng.reporters.JUnitReportReporter -->
<testsuite hostname="DESKTOP-ELBD4Q4" failures="0" tests="8" name="portals.testCases.Common.CommonTestcases" time="592.764" errors="1" timestamp="2022-08-23T11:05:31 IST" skipped="0">
  <testcase classname="portals.testCases.Common.CommonTestcases" name="termsAndConditionsFromSideMenuProfile" time="25.761"/>
  <system-out>
    <![CDATA[Click On Side Menu
Click On Profile
Click On Terms And Conditions
Naviagte To Terms & Conditions Page]]>
  </system-out>
  <testcase classname="portals.testCases.Common.CommonTestcases" name="privacyPolicyFromDashboardFooter" time="20.435"/>
  <system-out>
    <![CDATA[Click On Privacy Policy
Naviagte To Privacy Policy Page]]>
  </system-out>
  <testcase classname="portals.testCases.Common.CommonTestcases" name="privacyPolicyFromSideMenuProfile" time="23.856"/>
  <system-out>
    <![CDATA[Click On Side Menu
Click On Profile
Click On Privacy Policy
Naviagte To Privacy Policy Page]]>
  </system-out>
  <testcase classname="portals.testCases.Common.CommonTestcases" name="logout" time="341.536"/>
  <system-out>
    <![CDATA[Click On Logout]]>
  </system-out>
  <testcase classname="portals.testCases.Common.CommonTestcases" name="termsAndConditionsFromDashboardFooter" time="20.146">
    <error message="Cannot invoke &quot;Object.toString()&quot; because the return value of &quot;java.util.Map.get(Object)&quot; is null" type="java.lang.NullPointerException">
      <![CDATA[java.lang.NullPointerException: Cannot invoke "Object.toString()" because the return value of "java.util.Map.get(Object)" is null
at base.SetupInit.logData(SetupInit.java:1398)
at base.SetupInit.setExcecutionData(SetupInit.java:1833)
at portals.testCases.Common.CommonTestcases.termsAndConditionsFromDashboardFooter(CommonTestcases.java:229)
at java.base/jdk.internal.reflect.NativeMethodAccessorImpl.invoke0(Native Method)
at java.base/jdk.internal.reflect.NativeMethodAccessorImpl.invoke(NativeMethodAccessorImpl.java:77)
at java.base/jdk.internal.reflect.DelegatingMethodAccessorImpl.invoke(DelegatingMethodAccessorImpl.java:43)
at java.base/java.lang.reflect.Method.invoke(Method.java:568)
at org.testng.internal.MethodInvocationHelper.invokeMethod(MethodInvocationHelper.java:133)
at org.testng.internal.TestInvoker.invokeMethod(TestInvoker.java:598)
at org.testng.internal.TestInvoker.invokeTestMethod(TestInvoker.java:173)
at org.testng.internal.MethodRunner.runInSequence(MethodRunner.java:46)
at org.testng.internal.TestInvoker$MethodInvocationAgent.invoke(TestInvoker.java:824)
at org.testng.internal.TestInvoker.invokeTestMethods(TestInvoker.java:146)
at org.testng.internal.TestMethodWorker.invokeTestMethods(TestMethodWorker.java:146)
at org.testng.internal.TestMethodWorker.run(TestMethodWorker.java:128)
at java.base/java.util.ArrayList.forEach(ArrayList.java:1511)
at org.testng.TestRunner.privateRun(TestRunner.java:794)
at org.testng.TestRunner.run(TestRunner.java:596)
at org.testng.SuiteRunner.runTest(SuiteRunner.java:377)
at org.testng.SuiteRunner.runSequentially(SuiteRunner.java:371)
at org.testng.SuiteRunner.privateRun(SuiteRunner.java:332)
at org.testng.SuiteRunner.run(SuiteRunner.java:276)
at org.testng.SuiteRunnerWorker.runSuite(SuiteRunnerWorker.java:53)
at org.testng.SuiteRunnerWorker.run(SuiteRunnerWorker.java:96)
at org.testng.TestNG.runSuitesSequentially(TestNG.java:1212)
at org.testng.TestNG.runSuitesLocally(TestNG.java:1134)
at org.testng.TestNG.runSuites(TestNG.java:1063)
at org.testng.TestNG.run(TestNG.java:1031)
at org.testng.remote.AbstractRemoteTestNG.run(AbstractRemoteTestNG.java:115)
at org.testng.remote.RemoteTestNG.initAndRun(RemoteTestNG.java:251)
at org.testng.remote.RemoteTestNG.main(RemoteTestNG.java:77)
]]>
    </error>
  </testcase> <!-- termsAndConditionsFromDashboardFooter -->
  <system-out>
    <![CDATA[Click On Terms And Conditions
Naviagte To Terms & Conditions Page]]>
  </system-out>
  <testcase classname="portals.testCases.Common.CommonTestcases" name="VerifyPasswordPolicyfromChangePassword" time="52.606"/>
  <system-out>
    <![CDATA[Click On Side Menu
Click On Profile
Click On Profile
Click On View Profile
Click On Password Policy
Verify Password Policy Title
Verify text >>  Password must have minimum 8 characters 
Verify text >>  Password must have maximum 18 characters 
Verify text >>  Password must have at least one lower case alphabet 
Verify text >>  Password must have at least one lower case alphabet 
Verify text >>  Password must have at least one numeric 
Verify text >> Password must have at least one special characters 
Verify text >> List of special character allowed are @,$,#,*,& 
Verify text >> Password Example]]>
  </system-out>
  <testcase classname="portals.testCases.Common.CommonTestcases" name="VerifyPasswordPolicyfromDashboardFooter" time="85.534"/>
  <system-out>
    <![CDATA[Click On Password Policy
Verify Password Policy Title
Verify text >>  Password must have minimum 8 characters 
Verify text >>  Password must have maximum 18 characters 
Verify text >>  Password must have at least one lower case alphabet 
Verify text >>  Password must have at least one lower case alphabet 
Verify text >>  Password must have at least one numeric 
Verify text >> Password must have at least one special characters 
Verify text >> List of special character allowed are @,$,#,*,& 
Verify text >> Password Example]]>
  </system-out>
  <testcase classname="portals.testCases.Common.CommonTestcases" name="UGX_SignAvailable" time="22.890"/>
  <system-out>
    <![CDATA[UGX doller Sign Are Available in Dashboard
Click On Passbook
UGX doller Sign Are Available in Passbook]]>
  </system-out>
</testsuite> <!-- portals.testCases.Common.CommonTestcases -->
